
> next_app@0.1.0 dev
> next dev

▲ Next.js 16.1.6 (Turbopack)
- Local:         http://localhost:3000
- Network:       http://192.168.0.2:3000

✓ Starting...
Attention: Next.js now collects completely anonymous telemetry regarding usage.
This information is used to shape Next.js' roadmap and prioritize features.
You can learn more, including how to opt-out if you'd not like to participate in this anonymous program, by visiting the following URL:
https://nextjs.org/telemetry

⚠ The "middleware" file convention is deprecated. Please use "proxy" instead. Learn more: https://nextjs.org/docs/messages/middleware-to-proxy
✓ Ready in 1908ms
○ Compiling / ...
DATABASE_URL is not set. Using dummy connection string. DB queries will fail.
Failed to fetch products: Error: Failed query: select "id", "make", "model", "category", "year", "name", "price", "quantity", "image_url", "created_at" from "products" order by "products"."created_at" desc limit $1
params: 9
    at async Home (app/page.tsx:27:20)
  25 |   let newArrivals: Product[] = [];
  26 |   try {
> 27 |      newArrivals = await db.select().from(products).orderBy(desc(products.createdAt)).limit(9);
     |                    ^
  28 |   } catch (e) {
  29 |      console.error("Failed to fetch products:", e);
  30 |   } {
  query: 'select "id", "make", "model", "category", "year", "name", "price", "quantity", "image_url", "created_at" from "products" order by "products"."created_at" desc limit $1',
  params: [Array],
  [cause]: Error [NeonDbError]: Error connecting to database: TypeError: fetch failed
      at async Home (app/page.tsx:27:20)
    25 |   let newArrivals: Product[] = [];
    26 |   try {
  > 27 |      newArrivals = await db.select().from(products).orderBy(desc(products.createdAt)).limit(9);
       |                    ^
    28 |   } catch (e) {
    29 |      console.error("Failed to fetch products:", e);
    30 |   } {
    severity: undefined,
    code: undefined,
    detail: undefined,
    hint: undefined,
    position: undefined,
    internalPosition: undefined,
    internalQuery: undefined,
    where: undefined,
    schema: undefined,
    table: undefined,
    column: undefined,
    dataType: undefined,
    constraint: undefined,
    file: undefined,
    line: undefined,
    routine: undefined,
    sourceError: TypeError: fetch failed
        at async Home (app/page.tsx:27:20)
      25 |   let newArrivals: Product[] = [];
      26 |   try {
    > 27 |      newArrivals = await db.select().from(products).orderBy(desc(products.createdAt)).limit(9);
         |                    ^
      28 |   } catch (e) {
      29 |      console.error("Failed to fetch products:", e);
      30 |   } {
      [cause]: AggregateError:
          at ignore-listed frames {
        code: 'ECONNREFUSED'
      }
    }
  }
}
 GET / 200 in 11.1s (compile: 9.5s, proxy.ts: 339ms, render: 1195ms)
 POST / 200 in 44ms (compile: 9ms, proxy.ts: 14ms, render: 21ms)
